Rasa process starting
Rasa process starting
Added 'nlp_spacy' to component cache. Key 'nlp_spacy-en'.
From /Users/georgehu/venv3/lib/python3.7/site-packages/tensorflow/python/ops/resource_variable_ops.py:435: colocate_with (from tensorflow.python.framework.ops) is deprecated and will be removed in a future version.
Instructions for updating:
Colocations handled automatically by placer.
From /Users/georgehu/venv3/lib/python3.7/site-packages/tensorflow/python/keras/backend.py:4010: calling dropout (from tensorflow.python.ops.nn_ops) with keep_prob is deprecated and will be removed in a future version.
Instructions for updating:
Please use `rate` instead of `keep_prob`. Rate should be set to `rate = 1 - keep_prob`.
From /Users/georgehu/venv3/lib/python3.7/site-packages/tensorflow/python/ops/math_ops.py:3066: to_int32 (from tensorflow.python.ops.math_ops) is deprecated and will be removed in a future version.
Instructions for updating:
Use tf.cast instead.
Available web server routes: 
static                                             GET, OPTIONS, HEAD             /static/[filename]
custom_webhook_CmdlineInput.health                 GET, OPTIONS, HEAD             /webhooks/rest/
custom_webhook_CmdlineInput.receive                POST, OPTIONS                  /webhooks/rest/webhook
Rasa Core server is up and running on http://localhost:5005
Creating a new tracker for id 'default'.
Received user message 'hi' with intent '{'name': 'greet', 'confidence': 0.8540562299287731}' and entities '[]'
Logged UserUtterance - tracker now has 2 events
Current slot values: 
	address: None
	location_match: None
	number: None
	opening_hours: None
	query: None
	rating: None
Current tracker state [None, None, None, {'slot_location_match_0': 1.0}, {'slot_location_match_0': 1.0, 'prev_action_listen': 1.0, 'intent_greet': 1.0}]
There is a memorised next action '7'
There is no active form
Predicted next action using policy_2_MemoizationPolicy
Predicted next action 'utter_greet' with prob 1.00.
Action 'utter_greet' ended with events '[]'
Bot utterance 'BotUttered(text: Hello! I am a places search assistant. I can help you find places wherever you are, provide information about the location like opening hours, rating, address. So what are you looking for?, data: {
  "elements": null,
  "buttons": null,
  "attachment": null
})'
Current tracker state [None, None, {'slot_location_match_0': 1.0}, {'slot_location_match_0': 1.0, 'prev_action_listen': 1.0, 'intent_greet': 1.0}, {'slot_location_match_0': 1.0, 'prev_utter_greet': 1.0, 'intent_greet': 1.0}]
There is a memorised next action '0'
There is no active form
Predicted next action using policy_2_MemoizationPolicy
Predicted next action 'action_listen' with prob 1.00.
Action 'action_listen' ended with events '[]'
Recreating tracker for id 'default'
Received user message 'hello' with intent '{'name': 'greet', 'confidence': 0.8815934046443468}' and entities '[]'
Logged UserUtterance - tracker now has 6 events
Current slot values: 
	address: None
	location_match: None
	number: None
	opening_hours: None
	query: None
	rating: None
Current tracker state [None, {'slot_location_match_0': 1.0}, {'slot_location_match_0': 1.0, 'prev_action_listen': 1.0, 'intent_greet': 1.0}, {'slot_location_match_0': 1.0, 'prev_utter_greet': 1.0, 'intent_greet': 1.0}, {'slot_location_match_0': 1.0, 'prev_action_listen': 1.0, 'intent_greet': 1.0}]
There is a memorised next action '7'
There is no active form
Predicted next action using policy_2_MemoizationPolicy
Predicted next action 'utter_greet' with prob 1.00.
Action 'utter_greet' ended with events '[]'
Bot utterance 'BotUttered(text: Hello! I am a places search assistant. I can help you find places wherever you are, provide information about the location like opening hours, rating, address. So what are you looking for?, data: {
  "elements": null,
  "buttons": null,
  "attachment": null
})'
Current tracker state [{'slot_location_match_0': 1.0}, {'slot_location_match_0': 1.0, 'prev_action_listen': 1.0, 'intent_greet': 1.0}, {'slot_location_match_0': 1.0, 'prev_utter_greet': 1.0, 'intent_greet': 1.0}, {'slot_location_match_0': 1.0, 'prev_action_listen': 1.0, 'intent_greet': 1.0}, {'slot_location_match_0': 1.0, 'prev_utter_greet': 1.0, 'intent_greet': 1.0}]
There is a memorised next action '0'
There is no active form
Predicted next action using policy_2_MemoizationPolicy
Predicted next action 'action_listen' with prob 1.00.
Action 'action_listen' ended with events '[]'
